2023-01-02T22:25:51.126+0800	INFO	/home/goproject/src/zhihu/boot/logger.go:34	init logger successfully
2023-01-02T22:38:39.362+0800	INFO	/home/goproject/src/zhihu/boot/logger.go:34	init logger successfully
2023-01-02T22:41:48.982+0800	INFO	/home/goproject/src/zhihu/boot/logger.go:34	init logger successfully
2023-01-02T22:41:49.082+0800	INFO	/home/goproject/src/zhihu/boot/database.go:29	connect mysql successfully
2023-01-02T22:56:09.176+0800	INFO	/home/goproject/src/zhihu/boot/logger.go:34	init logger successfully
2023-01-02T22:56:09.199+0800	INFO	/home/goproject/src/zhihu/boot/database.go:31	connect mysql successfully
2023-01-02T22:56:09.201+0800	INFO	/home/goproject/src/zhihu/boot/database.go:45	connect redis successfully
2023-01-03T19:05:16.177+0800	INFO	/home/goproject/src/zhihu/boot/logger.go:34	init logger successfully
2023-01-03T19:05:16.284+0800	INFO	/home/goproject/src/zhihu/boot/database.go:31	connect mysql successfully
2023-01-03T19:05:16.351+0800	FATAL	/home/goproject/src/zhihu/boot/database.go:42	connect redis failed err:dial tcp 127.0.0.1:6379: connect: connection refused
2023-01-03T19:05:49.831+0800	INFO	/home/goproject/src/zhihu/boot/logger.go:34	init logger successfully
2023-01-03T19:05:49.841+0800	INFO	/home/goproject/src/zhihu/boot/database.go:31	connect mysql successfully
2023-01-03T19:05:49.909+0800	FATAL	/home/goproject/src/zhihu/boot/database.go:42	connect redis failed err:dial tcp 127.0.0.1:6379: connect: connection refused
2023-01-03T19:05:52.982+0800	INFO	/home/goproject/src/zhihu/boot/logger.go:34	init logger successfully
2023-01-03T19:05:52.991+0800	INFO	/home/goproject/src/zhihu/boot/database.go:31	connect mysql successfully
2023-01-03T19:05:53.059+0800	FATAL	/home/goproject/src/zhihu/boot/database.go:42	connect redis failed err:dial tcp 127.0.0.1:6379: connect: connection refused
2023-01-03T19:06:10.240+0800	INFO	/home/goproject/src/zhihu/boot/logger.go:34	init logger successfully
2023-01-03T19:06:10.246+0800	INFO	/home/goproject/src/zhihu/boot/database.go:31	connect mysql successfully
2023-01-03T19:06:10.314+0800	FATAL	/home/goproject/src/zhihu/boot/database.go:42	connect redis failed err:dial tcp 127.0.0.1:6379: connect: connection refused
2023-01-03T19:06:16.405+0800	INFO	/home/goproject/src/zhihu/boot/logger.go:34	init logger successfully
2023-01-03T19:06:16.413+0800	INFO	/home/goproject/src/zhihu/boot/database.go:31	connect mysql successfully
2023-01-03T19:06:16.481+0800	FATAL	/home/goproject/src/zhihu/boot/database.go:42	connect redis failed err:dial tcp 127.0.0.1:6379: connect: connection refused
2023-01-03T19:08:43.071+0800	INFO	/home/goproject/src/zhihu/boot/logger.go:34	init logger successfully
2023-01-03T19:08:43.079+0800	INFO	/home/goproject/src/zhihu/boot/database.go:31	connect mysql successfully
2023-01-03T19:08:43.146+0800	FATAL	/home/goproject/src/zhihu/boot/database.go:42	connect redis failed err:dial tcp 127.0.0.1:6379: connect: connection refused
2023-01-03T19:09:47.974+0800	INFO	/home/goproject/src/zhihu/boot/logger.go:34	init logger successfully
2023-01-03T19:09:47.981+0800	INFO	/home/goproject/src/zhihu/boot/database.go:31	connect mysql successfully
2023-01-03T19:09:47.984+0800	INFO	/home/goproject/src/zhihu/boot/database.go:45	connect redis successfully
2023-01-03T19:09:54.512+0800	INFO	/home/goproject/src/zhihu/middleware/zap.go:26	/api/v1/verification	{"status": 200, "method": "POST", "path": "/api/v1/verification", "query": "", "ip": "::1", "user-agent": "PostmanRuntime/7.30.0", "errors": "", "cost": 1194020827}
2023-01-03T19:10:50.740+0800	INFO	/home/goproject/src/zhihu/boot/logger.go:34	init logger successfully
2023-01-03T19:10:50.745+0800	INFO	/home/goproject/src/zhihu/boot/database.go:31	connect mysql successfully
2023-01-03T19:10:50.746+0800	INFO	/home/goproject/src/zhihu/boot/database.go:45	connect redis successfully
2023-01-03T19:10:54.484+0800	ERROR	/home/goproject/src/zhihu/controller/user.go:22	gomail: could not send email 1: 550 Mail content denied. http://service.mail.qq.com/cgi-bin/help?subtype=1&&id=20022&&no=1000726 [MKEeXvhklBxc7U0t9Z9kPp6wzcyUR8MOZCK0f8jIOENtDbCjF5LO7n2T/x3Hd7IGxg== IP: 183.226.173.57]
2023-01-03T19:10:54.484+0800	INFO	/home/goproject/src/zhihu/middleware/zap.go:26	/api/v1/verification	{"status": 200, "method": "POST", "path": "/api/v1/verification", "query": "", "ip": "::1", "user-agent": "PostmanRuntime/7.30.0", "errors": "", "cost": 1140297552}
2023-01-03T19:11:40.366+0800	ERROR	/home/goproject/src/zhihu/controller/user.go:22	gomail: could not send email 1: 550 Mail content denied. http://service.mail.qq.com/cgi-bin/help?subtype=1&&id=20022&&no=1000726 [MKEeXvhklBxc7U0t9Z9kPp6/DPi73z3HKDp5GJ7yBc4vnArJpgLofBShHcuYtZOn6w== IP: 183.226.173.57]
2023-01-03T19:11:40.366+0800	INFO	/home/goproject/src/zhihu/middleware/zap.go:26	/api/v1/verification	{"status": 200, "method": "POST", "path": "/api/v1/verification", "query": "", "ip": "::1", "user-agent": "PostmanRuntime/7.30.0", "errors": "", "cost": 1110805791}
2023-01-03T19:26:37.034+0800	INFO	/home/goproject/src/zhihu/boot/logger.go:34	init logger successfully
2023-01-03T19:26:37.043+0800	INFO	/home/goproject/src/zhihu/boot/database.go:31	connect mysql successfully
2023-01-03T19:26:37.045+0800	INFO	/home/goproject/src/zhihu/boot/database.go:45	connect redis successfully
2023-01-03T19:26:39.990+0800	INFO	/home/goproject/src/zhihu/middleware/zap.go:26	/api/v1/verification	{"status": 200, "method": "POST", "path": "/api/v1/verification", "query": "", "ip": "::1", "user-agent": "PostmanRuntime/7.30.0", "errors": "", "cost": 1144035552}
2023-01-03T19:27:10.778+0800	INFO	/home/goproject/src/zhihu/middleware/zap.go:26	/api/v1/verification	{"status": 200, "method": "POST", "path": "/api/v1/verification", "query": "", "ip": "::1", "user-agent": "PostmanRuntime/7.30.0", "errors": "", "cost": 1185653680}
2023-01-03T19:28:48.377+0800	INFO	/home/goproject/src/zhihu/boot/logger.go:34	init logger successfully
2023-01-03T19:28:48.383+0800	INFO	/home/goproject/src/zhihu/boot/database.go:31	connect mysql successfully
2023-01-03T19:28:48.385+0800	INFO	/home/goproject/src/zhihu/boot/database.go:45	connect redis successfully
2023-01-03T19:28:51.037+0800	INFO	/home/goproject/src/zhihu/middleware/zap.go:26	/api/v1/verification	{"status": 200, "method": "POST", "path": "/api/v1/verification", "query": "", "ip": "::1", "user-agent": "PostmanRuntime/7.30.0", "errors": "", "cost": 56574}
2023-01-03T20:22:19.395+0800	INFO	/home/goproject/src/zhihu/boot/logger.go:34	init logger successfully
2023-01-03T20:22:19.407+0800	INFO	/home/goproject/src/zhihu/boot/database.go:31	connect mysql successfully
2023-01-03T20:22:19.409+0800	INFO	/home/goproject/src/zhihu/boot/database.go:45	connect redis successfully
2023-01-03T20:22:29.990+0800	INFO	/home/goproject/src/zhihu/middleware/zap.go:26	/api/v1/verification	{"status": 200, "method": "POST", "path": "/api/v1/verification", "query": "", "ip": "::1", "user-agent": "PostmanRuntime/7.30.0", "errors": "", "cost": 1214282194}
2023-01-03T20:22:43.715+0800	WARN	/home/goproject/src/zhihu/controller/user.go:59	nil pointer passed to StructScan destination
2023-01-03T20:22:43.715+0800	INFO	/home/goproject/src/zhihu/middleware/zap.go:26	/api/v1/registration	{"status": 200, "method": "POST", "path": "/api/v1/registration", "query": "", "ip": "::1", "user-agent": "PostmanRuntime/7.30.0", "errors": "", "cost": 20320484}
2023-01-03T20:24:59.718+0800	WARN	/home/goproject/src/zhihu/controller/user.go:59	nil pointer passed to StructScan destination
2023-01-03T20:24:59.718+0800	INFO	/home/goproject/src/zhihu/middleware/zap.go:26	/api/v1/registration	{"status": 200, "method": "POST", "path": "/api/v1/registration", "query": "", "ip": "::1", "user-agent": "PostmanRuntime/7.30.0", "errors": "", "cost": 1983560}
2023-01-03T20:33:44.772+0800	INFO	/home/goproject/src/zhihu/boot/logger.go:34	init logger successfully
2023-01-03T20:33:44.776+0800	INFO	/home/goproject/src/zhihu/boot/database.go:31	connect mysql successfully
2023-01-03T20:33:44.777+0800	INFO	/home/goproject/src/zhihu/boot/database.go:45	connect redis successfully
2023-01-03T20:33:55.999+0800	INFO	/home/goproject/src/zhihu/middleware/zap.go:26	/api/v1/verification	{"status": 200, "method": "POST", "path": "/api/v1/verification", "query": "", "ip": "::1", "user-agent": "PostmanRuntime/7.30.0", "errors": "", "cost": 1145621876}
2023-01-03T20:34:13.004+0800	DEBUG	/home/goproject/src/zhihu/controller/user.go:59	nil pointer passed to StructScan destination
2023-01-03T20:34:13.004+0800	INFO	/home/goproject/src/zhihu/middleware/zap.go:26	/api/v1/registration	{"status": 200, "method": "POST", "path": "/api/v1/registration", "query": "", "ip": "::1", "user-agent": "PostmanRuntime/7.30.0", "errors": "", "cost": 3287650}
2023-01-03T20:34:16.812+0800	DEBUG	/home/goproject/src/zhihu/controller/user.go:59	nil pointer passed to StructScan destination
2023-01-03T20:34:16.812+0800	INFO	/home/goproject/src/zhihu/middleware/zap.go:26	/api/v1/registration	{"status": 200, "method": "POST", "path": "/api/v1/registration", "query": "", "ip": "::1", "user-agent": "PostmanRuntime/7.30.0", "errors": "", "cost": 2177032}
2023-01-03T20:35:29.895+0800	INFO	/home/goproject/src/zhihu/boot/logger.go:34	init logger successfully
2023-01-03T20:35:29.899+0800	INFO	/home/goproject/src/zhihu/boot/database.go:31	connect mysql successfully
2023-01-03T20:35:29.900+0800	INFO	/home/goproject/src/zhihu/boot/database.go:45	connect redis successfully
2023-01-03T20:35:31.634+0800	INFO	/home/goproject/src/zhihu/middleware/zap.go:26	/api/v1/registration	{"status": 200, "method": "POST", "path": "/api/v1/registration", "query": "", "ip": "::1", "user-agent": "PostmanRuntime/7.30.0", "errors": "", "cost": 53530521}
2023-01-03T20:35:41.381+0800	INFO	/home/goproject/src/zhihu/middleware/zap.go:26	/api/v1/registration	{"status": 200, "method": "POST", "path": "/api/v1/registration", "query": "", "ip": "::1", "user-agent": "PostmanRuntime/7.30.0", "errors": "", "cost": 67785}
2023-01-03T20:35:46.318+0800	INFO	/home/goproject/src/zhihu/middleware/zap.go:26	/api/v1/registration	{"status": 200, "method": "POST", "path": "/api/v1/registration", "query": "", "ip": "::1", "user-agent": "PostmanRuntime/7.30.0", "errors": "", "cost": 1543115}
2023-01-03T20:35:52.610+0800	INFO	/home/goproject/src/zhihu/middleware/zap.go:26	/api/v1/registration	{"status": 200, "method": "POST", "path": "/api/v1/registration", "query": "", "ip": "::1", "user-agent": "PostmanRuntime/7.30.0", "errors": "", "cost": 2352880}
2023-01-03T20:56:24.697+0800	INFO	/home/goproject/src/zhihu/boot/logger.go:34	init logger successfully
2023-01-03T20:56:24.708+0800	INFO	/home/goproject/src/zhihu/boot/database.go:31	connect mysql successfully
2023-01-03T20:56:24.716+0800	INFO	/home/goproject/src/zhihu/boot/database.go:45	connect redis successfully
2023-01-03T20:57:31.408+0800	DEBUG	/home/goproject/src/zhihu/controller/user.go:25	gomail: could not send email 1: 550 Mail content denied. http://service.mail.qq.com/cgi-bin/help?subtype=1&&id=20022&&no=1000726 [MI+xrhZjjinBXpzA0Een3F5V520AzS9y4+5kk6OroTgUOk4/iMh7oE71YmXXVPVaQA== IP: 183.226.173.57]
2023-01-03T20:57:31.410+0800	INFO	/home/goproject/src/zhihu/middleware/zap.go:26	/api/v1/verification	{"status": 200, "method": "POST", "path": "/api/v1/verification", "query": "", "ip": "::1", "user-agent": "PostmanRuntime/7.30.0", "errors": "", "cost": 1262254019}
2023-01-03T20:57:54.900+0800	INFO	/home/goproject/src/zhihu/middleware/zap.go:26	/api/v1/verification	{"status": 200, "method": "POST", "path": "/api/v1/verification", "query": "", "ip": "::1", "user-agent": "PostmanRuntime/7.30.0", "errors": "", "cost": 72253}
2023-01-03T20:58:36.118+0800	INFO	/home/goproject/src/zhihu/middleware/zap.go:26	/api/v1/registration	{"status": 200, "method": "POST", "path": "/api/v1/registration", "query": "", "ip": "::1", "user-agent": "PostmanRuntime/7.30.0", "errors": "", "cost": 2742828}
2023-01-03T20:58:51.461+0800	INFO	/home/goproject/src/zhihu/middleware/zap.go:26	/api/v1/registration	{"status": 200, "method": "POST", "path": "/api/v1/registration", "query": "", "ip": "::1", "user-agent": "PostmanRuntime/7.30.0", "errors": "", "cost": 1823625}
2023-01-03T20:59:11.676+0800	INFO	/home/goproject/src/zhihu/middleware/zap.go:26	/api/v1/registration	{"status": 200, "method": "POST", "path": "/api/v1/registration", "query": "", "ip": "::1", "user-agent": "PostmanRuntime/7.30.0", "errors": "", "cost": 62705}
2023-01-03T20:59:30.741+0800	INFO	/home/goproject/src/zhihu/middleware/zap.go:26	/api/v1/registration	{"status": 200, "method": "POST", "path": "/api/v1/registration", "query": "", "ip": "::1", "user-agent": "PostmanRuntime/7.30.0", "errors": "", "cost": 2492602}
2023-01-03T23:08:20.597+0800	INFO	/home/goproject/src/zhihu/boot/logger.go:34	init logger successfully
2023-01-03T23:08:20.612+0800	INFO	/home/goproject/src/zhihu/boot/database.go:31	connect mysql successfully
2023-01-03T23:08:20.615+0800	INFO	/home/goproject/src/zhihu/boot/database.go:45	connect redis successfully
2023-01-04T14:14:46.309+0800	INFO	/home/goproject/src/zhihu/boot/logger.go:34	init logger successfully
2023-01-04T14:14:46.313+0800	INFO	/home/goproject/src/zhihu/boot/database.go:31	connect mysql successfully
2023-01-04T14:14:46.314+0800	INFO	/home/goproject/src/zhihu/boot/database.go:45	connect redis successfully
2023-01-04T14:14:49.518+0800	INFO	/home/goproject/src/zhihu/middleware/zap.go:26	/api/v1/registration	{"status": 200, "method": "POST", "path": "/api/v1/registration", "query": "", "ip": "::1", "user-agent": "PostmanRuntime/7.30.0", "errors": "", "cost": 8830274}
2023-01-04T14:14:55.743+0800	INFO	/home/goproject/src/zhihu/middleware/zap.go:26	/api/v1/registration	{"status": 200, "method": "POST", "path": "/api/v1/registration", "query": "", "ip": "::1", "user-agent": "PostmanRuntime/7.30.0", "errors": "", "cost": 1641192}
2023-01-04T14:15:08.045+0800	INFO	/home/goproject/src/zhihu/middleware/zap.go:26	/api/v1/registration	{"status": 200, "method": "POST", "path": "/api/v1/registration", "query": "", "ip": "::1", "user-agent": "PostmanRuntime/7.30.0", "errors": "", "cost": 1900168}
2023-01-04T14:15:20.517+0800	INFO	/home/goproject/src/zhihu/middleware/zap.go:26	/api/v1/registration	{"status": 200, "method": "POST", "path": "/api/v1/registration", "query": "", "ip": "::1", "user-agent": "PostmanRuntime/7.30.0", "errors": "", "cost": 946672}
2023-01-04T14:15:24.945+0800	INFO	/home/goproject/src/zhihu/middleware/zap.go:26	/api/v1/registration	{"status": 200, "method": "POST", "path": "/api/v1/registration", "query": "", "ip": "::1", "user-agent": "PostmanRuntime/7.30.0", "errors": "", "cost": 1099585}
2023-01-04T14:15:28.098+0800	INFO	/home/goproject/src/zhihu/middleware/zap.go:26	/api/v1/registration	{"status": 200, "method": "POST", "path": "/api/v1/registration", "query": "", "ip": "::1", "user-agent": "PostmanRuntime/7.30.0", "errors": "", "cost": 74613}
2023-01-04T14:15:33.021+0800	INFO	/home/goproject/src/zhihu/middleware/zap.go:26	/api/v1/registration	{"status": 200, "method": "POST", "path": "/api/v1/registration", "query": "", "ip": "::1", "user-agent": "PostmanRuntime/7.30.0", "errors": "", "cost": 1028519}
2023-01-04T14:16:34.964+0800	INFO	/home/goproject/src/zhihu/boot/logger.go:34	init logger successfully
2023-01-04T14:16:34.968+0800	INFO	/home/goproject/src/zhihu/boot/database.go:31	connect mysql successfully
2023-01-04T14:16:34.969+0800	INFO	/home/goproject/src/zhihu/boot/database.go:45	connect redis successfully
2023-01-04T14:16:39.387+0800	INFO	/home/goproject/src/zhihu/middleware/zap.go:26	/api/v1/login	{"status": 200, "method": "POST", "path": "/api/v1/login", "query": "", "ip": "::1", "user-agent": "PostmanRuntime/7.30.0", "errors": "", "cost": 44696}
2023-01-04T14:17:47.140+0800	INFO	/home/goproject/src/zhihu/boot/logger.go:34	init logger successfully
2023-01-04T14:17:47.144+0800	INFO	/home/goproject/src/zhihu/boot/database.go:31	connect mysql successfully
2023-01-04T14:17:47.145+0800	INFO	/home/goproject/src/zhihu/boot/database.go:45	connect redis successfully
2023-01-04T14:17:48.648+0800	INFO	/home/goproject/src/zhihu/middleware/zap.go:26	/api/v1/login	{"status": 200, "method": "POST", "path": "/api/v1/login", "query": "", "ip": "::1", "user-agent": "PostmanRuntime/7.30.0", "errors": "", "cost": 3026765}
2023-01-04T14:17:57.971+0800	INFO	/home/goproject/src/zhihu/middleware/zap.go:26	/api/v1/login	{"status": 200, "method": "POST", "path": "/api/v1/login", "query": "", "ip": "::1", "user-agent": "PostmanRuntime/7.30.0", "errors": "", "cost": 1899336}
2023-01-04T14:18:20.704+0800	INFO	/home/goproject/src/zhihu/boot/logger.go:34	init logger successfully
2023-01-04T14:18:20.706+0800	INFO	/home/goproject/src/zhihu/boot/database.go:31	connect mysql successfully
2023-01-04T14:18:20.707+0800	INFO	/home/goproject/src/zhihu/boot/database.go:45	connect redis successfully
2023-01-04T14:18:22.131+0800	INFO	/home/goproject/src/zhihu/middleware/zap.go:26	/api/v1/login	{"status": 200, "method": "POST", "path": "/api/v1/login", "query": "", "ip": "::1", "user-agent": "PostmanRuntime/7.30.0", "errors": "", "cost": 3942377}
2023-01-04T14:18:51.000+0800	INFO	/home/goproject/src/zhihu/middleware/zap.go:26	/api/v1/login	{"status": 200, "method": "POST", "path": "/api/v1/login", "query": "", "ip": "::1", "user-agent": "PostmanRuntime/7.30.0", "errors": "", "cost": 1570657}
2023-01-04T14:19:18.610+0800	INFO	/home/goproject/src/zhihu/middleware/zap.go:26	/api/v1/login	{"status": 200, "method": "POST", "path": "/api/v1/login", "query": "", "ip": "::1", "user-agent": "PostmanRuntime/7.30.0", "errors": "", "cost": 1205097}
2023-01-04T14:20:41.882+0800	INFO	/home/goproject/src/zhihu/boot/logger.go:34	init logger successfully
2023-01-04T14:20:41.890+0800	INFO	/home/goproject/src/zhihu/boot/database.go:31	connect mysql successfully
2023-01-04T14:20:41.890+0800	INFO	/home/goproject/src/zhihu/boot/database.go:45	connect redis successfully
2023-01-04T14:20:44.619+0800	INFO	/home/goproject/src/zhihu/middleware/zap.go:26	/api/v1/login	{"status": 200, "method": "POST", "path": "/api/v1/login", "query": "", "ip": "::1", "user-agent": "PostmanRuntime/7.30.0", "errors": "", "cost": 2070874}
2023-01-04T14:20:49.428+0800	INFO	/home/goproject/src/zhihu/middleware/zap.go:26	/api/v1/login	{"status": 200, "method": "POST", "path": "/api/v1/login", "query": "", "ip": "::1", "user-agent": "PostmanRuntime/7.30.0", "errors": "", "cost": 4688716}
2023-01-04T14:21:11.321+0800	INFO	/home/goproject/src/zhihu/middleware/zap.go:26	/api/v1/login	{"status": 200, "method": "POST", "path": "/api/v1/login", "query": "", "ip": "::1", "user-agent": "PostmanRuntime/7.30.0", "errors": "", "cost": 1012138}
2023-01-04T14:21:28.790+0800	INFO	/home/goproject/src/zhihu/middleware/zap.go:26	/api/v1/login	{"status": 200, "method": "POST", "path": "/api/v1/login", "query": "", "ip": "::1", "user-agent": "PostmanRuntime/7.30.0", "errors": "", "cost": 943957}
2023-01-04T14:55:39.146+0800	INFO	/home/goproject/src/zhihu/boot/logger.go:34	init logger successfully
2023-01-04T14:55:39.154+0800	INFO	/home/goproject/src/zhihu/boot/database.go:31	connect mysql successfully
2023-01-04T14:55:39.155+0800	INFO	/home/goproject/src/zhihu/boot/database.go:45	connect redis successfully
2023-01-04T14:56:08.684+0800	INFO	/home/goproject/src/zhihu/middleware/zap.go:26	/api/v1/password	{"status": 200, "method": "PUT", "path": "/api/v1/password", "query": "", "ip": "::1", "user-agent": "PostmanRuntime/7.30.0", "errors": "", "cost": 14456991}
2023-01-04T14:56:21.360+0800	INFO	/home/goproject/src/zhihu/middleware/zap.go:26	/api/v1/password	{"status": 200, "method": "PUT", "path": "/api/v1/password", "query": "", "ip": "::1", "user-agent": "PostmanRuntime/7.30.0", "errors": "", "cost": 1137527}
2023-01-04T14:56:36.447+0800	INFO	/home/goproject/src/zhihu/middleware/zap.go:26	/api/v1/password	{"status": 200, "method": "PUT", "path": "/api/v1/password", "query": "", "ip": "::1", "user-agent": "PostmanRuntime/7.30.0", "errors": "", "cost": 85003}
2023-01-04T14:56:54.307+0800	INFO	/home/goproject/src/zhihu/middleware/zap.go:26	/api/v1/password	{"status": 200, "method": "PUT", "path": "/api/v1/password", "query": "", "ip": "::1", "user-agent": "PostmanRuntime/7.30.0", "errors": "", "cost": 53573}
2023-01-04T14:57:17.563+0800	INFO	/home/goproject/src/zhihu/middleware/zap.go:26	/api/v1/password	{"status": 200, "method": "PUT", "path": "/api/v1/password", "query": "", "ip": "::1", "user-agent": "PostmanRuntime/7.30.0", "errors": "", "cost": 20148}
2023-01-04T15:07:08.689+0800	INFO	/home/goproject/src/zhihu/boot/logger.go:34	init logger successfully
2023-01-04T15:07:08.692+0800	INFO	/home/goproject/src/zhihu/boot/database.go:31	connect mysql successfully
2023-01-04T15:07:08.692+0800	INFO	/home/goproject/src/zhihu/boot/database.go:45	connect redis successfully
2023-01-04T15:09:02.709+0800	INFO	/home/goproject/src/zhihu/middleware/zap.go:26	/qpi/v1/username	{"status": 404, "method": "PUT", "path": "/qpi/v1/username", "query": "", "ip": "::1", "user-agent": "PostmanRuntime/7.30.0", "errors": "", "cost": 3236}
2023-01-04T15:09:07.559+0800	INFO	/home/goproject/src/zhihu/middleware/zap.go:26	/api/v1/username	{"status": 200, "method": "PUT", "path": "/api/v1/username", "query": "", "ip": "::1", "user-agent": "PostmanRuntime/7.30.0", "errors": "", "cost": 15164339}
2023-01-04T15:09:36.509+0800	INFO	/home/goproject/src/zhihu/middleware/zap.go:26	/api/v1/username	{"status": 200, "method": "PUT", "path": "/api/v1/username", "query": "", "ip": "::1", "user-agent": "PostmanRuntime/7.30.0", "errors": "", "cost": 1440870}
2023-01-04T15:10:00.013+0800	INFO	/home/goproject/src/zhihu/middleware/zap.go:26	/api/v1/username	{"status": 200, "method": "PUT", "path": "/api/v1/username", "query": "", "ip": "::1", "user-agent": "PostmanRuntime/7.30.0", "errors": "", "cost": 80314}
2023-01-04T15:10:12.522+0800	INFO	/home/goproject/src/zhihu/middleware/zap.go:26	/api/v1/username	{"status": 200, "method": "PUT", "path": "/api/v1/username", "query": "", "ip": "::1", "user-agent": "PostmanRuntime/7.30.0", "errors": "", "cost": 24708}
2023-01-04T15:10:33.818+0800	INFO	/home/goproject/src/zhihu/middleware/zap.go:26	/api/v1/username	{"status": 200, "method": "PUT", "path": "/api/v1/username", "query": "", "ip": "::1", "user-agent": "PostmanRuntime/7.30.0", "errors": "", "cost": 89191}
2023-01-05T23:02:21.699+0800	INFO	/home/goproject/src/zhihu/boot/logger.go:34	init logger successfully
2023-01-05T23:02:21.709+0800	INFO	/home/goproject/src/zhihu/boot/database.go:31	connect mysql successfully
2023-01-05T23:02:21.777+0800	FATAL	/home/goproject/src/zhihu/boot/database.go:42	connect redis failed err:dial tcp 127.0.0.1:6379: connect: connection refused
2023-01-05T23:02:24.860+0800	INFO	/home/goproject/src/zhihu/boot/logger.go:34	init logger successfully
2023-01-05T23:02:24.866+0800	INFO	/home/goproject/src/zhihu/boot/database.go:31	connect mysql successfully
2023-01-05T23:02:24.933+0800	FATAL	/home/goproject/src/zhihu/boot/database.go:42	connect redis failed err:dial tcp 127.0.0.1:6379: connect: connection refused
2023-01-05T23:02:31.993+0800	INFO	/home/goproject/src/zhihu/boot/logger.go:34	init logger successfully
2023-01-05T23:02:31.995+0800	INFO	/home/goproject/src/zhihu/boot/database.go:31	connect mysql successfully
2023-01-05T23:02:31.997+0800	INFO	/home/goproject/src/zhihu/boot/database.go:45	connect redis successfully
2023-01-05T23:02:34.485+0800	INFO	/home/goproject/src/zhihu/middleware/zap.go:26	/api/v1/topics	{"status": 200, "method": "GET", "path": "/api/v1/topics", "query": "", "ip": "::1", "user-agent": "PostmanRuntime/7.30.0", "errors": "", "cost": 1728307}
2023-01-05T23:03:23.756+0800	INFO	/home/goproject/src/zhihu/boot/logger.go:34	init logger successfully
2023-01-05T23:03:23.762+0800	INFO	/home/goproject/src/zhihu/boot/database.go:31	connect mysql successfully
2023-01-05T23:03:23.763+0800	INFO	/home/goproject/src/zhihu/boot/database.go:45	connect redis successfully
2023-01-05T23:03:26.085+0800	ERROR	/home/goproject/src/zhihu/controller/topic.go:14	Error 1146 (42S02): Table 'zhihu.topic' doesn't exist
2023-01-05T23:03:26.085+0800	INFO	/home/goproject/src/zhihu/middleware/zap.go:26	/api/v1/topics	{"status": 200, "method": "GET", "path": "/api/v1/topics", "query": "", "ip": "::1", "user-agent": "PostmanRuntime/7.30.0", "errors": "", "cost": 2384249}
2023-01-05T23:04:04.558+0800	ERROR	/home/goproject/src/zhihu/controller/topic.go:14	Error 1146 (42S02): Table 'zhihu.topic' doesn't exist
2023-01-05T23:04:04.558+0800	INFO	/home/goproject/src/zhihu/middleware/zap.go:26	/api/v1/topics	{"status": 200, "method": "GET", "path": "/api/v1/topics", "query": "", "ip": "::1", "user-agent": "PostmanRuntime/7.30.0", "errors": "", "cost": 1451187}
2023-01-05T23:06:25.492+0800	INFO	/home/goproject/src/zhihu/boot/logger.go:34	init logger successfully
2023-01-05T23:06:25.497+0800	INFO	/home/goproject/src/zhihu/boot/database.go:31	connect mysql successfully
2023-01-05T23:06:25.498+0800	INFO	/home/goproject/src/zhihu/boot/database.go:45	connect redis successfully
2023-01-05T23:06:28.598+0800	INFO	/home/goproject/src/zhihu/middleware/zap.go:26	/api/v1/topics	{"status": 200, "method": "GET", "path": "/api/v1/topics", "query": "", "ip": "::1", "user-agent": "PostmanRuntime/7.30.0", "errors": "", "cost": 3372305}
2023-01-05T23:36:48.352+0800	INFO	/home/goproject/src/zhihu/boot/logger.go:34	init logger successfully
2023-01-05T23:36:48.357+0800	INFO	/home/goproject/src/zhihu/boot/database.go:31	connect mysql successfully
2023-01-05T23:36:48.359+0800	INFO	/home/goproject/src/zhihu/boot/database.go:45	connect redis successfully
2023-01-05T23:37:07.087+0800	INFO	/home/goproject/src/zhihu/middleware/zap.go:26	/api/v1/topics/datail/1	{"status": 404, "method": "GET", "path": "/api/v1/topics/datail/1", "query": "", "ip": "::1", "user-agent": "PostmanRuntime/7.30.0", "errors": "", "cost": 3036}
2023-01-05T23:37:49.689+0800	INFO	/home/goproject/src/zhihu/boot/logger.go:34	init logger successfully
2023-01-05T23:37:49.693+0800	INFO	/home/goproject/src/zhihu/boot/database.go:31	connect mysql successfully
2023-01-05T23:37:49.700+0800	INFO	/home/goproject/src/zhihu/boot/database.go:45	connect redis successfully
2023-01-05T23:37:51.927+0800	WARN	/home/goproject/src/zhihu/controller/topic.go:37	scannable dest type ptr with >1 columns (5) in result
2023-01-05T23:37:51.927+0800	INFO	/home/goproject/src/zhihu/middleware/zap.go:26	/api/v1/topics/1	{"status": 200, "method": "GET", "path": "/api/v1/topics/1", "query": "", "ip": "::1", "user-agent": "PostmanRuntime/7.30.0", "errors": "", "cost": 4978627}
2023-01-05T23:39:12.652+0800	INFO	/home/goproject/src/zhihu/boot/logger.go:34	init logger successfully
2023-01-05T23:39:12.660+0800	INFO	/home/goproject/src/zhihu/boot/database.go:31	connect mysql successfully
2023-01-05T23:39:12.661+0800	INFO	/home/goproject/src/zhihu/boot/database.go:45	connect redis successfully
2023-01-05T23:39:14.079+0800	WARN	/home/goproject/src/zhihu/controller/topic.go:37	scannable dest type ptr with >1 columns (4) in result
2023-01-05T23:39:14.079+0800	INFO	/home/goproject/src/zhihu/middleware/zap.go:26	/api/v1/topics/1	{"status": 200, "method": "GET", "path": "/api/v1/topics/1", "query": "", "ip": "::1", "user-agent": "PostmanRuntime/7.30.0", "errors": "", "cost": 1977740}
2023-01-05T23:39:41.855+0800	INFO	/home/goproject/src/zhihu/boot/logger.go:34	init logger successfully
2023-01-05T23:39:41.857+0800	INFO	/home/goproject/src/zhihu/boot/database.go:31	connect mysql successfully
2023-01-05T23:39:41.858+0800	INFO	/home/goproject/src/zhihu/boot/database.go:45	connect redis successfully
2023-01-05T23:39:43.089+0800	WARN	/home/goproject/src/zhihu/controller/topic.go:37	nil pointer passed to StructScan destination
2023-01-05T23:39:43.089+0800	INFO	/home/goproject/src/zhihu/middleware/zap.go:26	/api/v1/topics/1	{"status": 200, "method": "GET", "path": "/api/v1/topics/1", "query": "", "ip": "::1", "user-agent": "PostmanRuntime/7.30.0", "errors": "", "cost": 1527463}
2023-01-05T23:46:46.813+0800	INFO	/home/goproject/src/zhihu/boot/logger.go:34	init logger successfully
2023-01-05T23:46:46.820+0800	INFO	/home/goproject/src/zhihu/boot/database.go:31	connect mysql successfully
2023-01-05T23:46:46.822+0800	INFO	/home/goproject/src/zhihu/boot/database.go:45	connect redis successfully
2023-01-05T23:46:48.375+0800	INFO	/home/goproject/src/zhihu/middleware/zap.go:26	/api/v1/topics/1	{"status": 200, "method": "GET", "path": "/api/v1/topics/1", "query": "", "ip": "::1", "user-agent": "PostmanRuntime/7.30.0", "errors": "", "cost": 2035799}
2023-01-05T23:47:38.659+0800	INFO	/home/goproject/src/zhihu/middleware/zap.go:26	/api/v1/topics/100	{"status": 200, "method": "GET", "path": "/api/v1/topics/100", "query": "", "ip": "::1", "user-agent": "PostmanRuntime/7.30.0", "errors": "", "cost": 1411199}
2023-01-06T15:19:46.499+0800	INFO	/home/goproject/src/zhihu/boot/logger.go:34	init logger successfully
2023-01-06T15:19:46.505+0800	INFO	/home/goproject/src/zhihu/boot/database.go:31	connect mysql successfully
2023-01-06T15:19:46.506+0800	INFO	/home/goproject/src/zhihu/boot/database.go:45	connect redis successfully
2023-01-06T15:20:01.981+0800	INFO	/home/goproject/src/zhihu/middleware/zap.go:26	/api/v1/topics	{"status": 200, "method": "GET", "path": "/api/v1/topics", "query": "", "ip": "::1", "user-agent": "PostmanRuntime/7.30.0", "errors": "", "cost": 2593457}
2023-01-06T15:20:03.748+0800	INFO	/home/goproject/src/zhihu/middleware/zap.go:26	/api/v1/topics	{"status": 200, "method": "GET", "path": "/api/v1/topics", "query": "", "ip": "::1", "user-agent": "PostmanRuntime/7.30.0", "errors": "", "cost": 631611}
2023-01-06T15:20:05.387+0800	INFO	/home/goproject/src/zhihu/middleware/zap.go:26	/api/v1/topics	{"status": 200, "method": "GET", "path": "/api/v1/topics", "query": "", "ip": "::1", "user-agent": "PostmanRuntime/7.30.0", "errors": "", "cost": 508760}
2023-01-06T15:20:05.896+0800	INFO	/home/goproject/src/zhihu/middleware/zap.go:26	/api/v1/topics	{"status": 200, "method": "GET", "path": "/api/v1/topics", "query": "", "ip": "::1", "user-agent": "PostmanRuntime/7.30.0", "errors": "", "cost": 543529}
2023-01-06T15:20:06.359+0800	INFO	/home/goproject/src/zhihu/middleware/zap.go:26	/api/v1/topics	{"status": 200, "method": "GET", "path": "/api/v1/topics", "query": "", "ip": "::1", "user-agent": "PostmanRuntime/7.30.0", "errors": "", "cost": 541525}
2023-01-06T15:20:06.769+0800	INFO	/home/goproject/src/zhihu/middleware/zap.go:26	/api/v1/topics	{"status": 200, "method": "GET", "path": "/api/v1/topics", "query": "", "ip": "::1", "user-agent": "PostmanRuntime/7.30.0", "errors": "", "cost": 564919}
2023-01-06T15:20:07.223+0800	INFO	/home/goproject/src/zhihu/middleware/zap.go:26	/api/v1/topics	{"status": 200, "method": "GET", "path": "/api/v1/topics", "query": "", "ip": "::1", "user-agent": "PostmanRuntime/7.30.0", "errors": "", "cost": 913469}
2023-01-06T15:20:07.600+0800	INFO	/home/goproject/src/zhihu/middleware/zap.go:26	/api/v1/topics	{"status": 200, "method": "GET", "path": "/api/v1/topics", "query": "", "ip": "::1", "user-agent": "PostmanRuntime/7.30.0", "errors": "", "cost": 467179}
2023-01-06T15:20:07.993+0800	INFO	/home/goproject/src/zhihu/middleware/zap.go:26	/api/v1/topics	{"status": 200, "method": "GET", "path": "/api/v1/topics", "query": "", "ip": "::1", "user-agent": "PostmanRuntime/7.30.0", "errors": "", "cost": 477588}
2023-01-06T15:29:06.009+0800	INFO	/home/goproject/src/zhihu/boot/logger.go:34	init logger successfully
2023-01-06T15:29:06.016+0800	INFO	/home/goproject/src/zhihu/boot/database.go:31	connect mysql successfully
2023-01-06T15:29:06.017+0800	INFO	/home/goproject/src/zhihu/boot/database.go:45	connect redis successfully
2023-01-06T15:29:11.489+0800	INFO	/home/goproject/src/zhihu/middleware/zap.go:26	/api/v1/topics/100	{"status": 200, "method": "GET", "path": "/api/v1/topics/100", "query": "", "ip": "::1", "user-agent": "PostmanRuntime/7.30.0", "errors": "", "cost": 5241054}
2023-01-06T15:29:16.874+0800	INFO	/home/goproject/src/zhihu/middleware/zap.go:26	/api/v1/topics/1	{"status": 200, "method": "GET", "path": "/api/v1/topics/1", "query": "", "ip": "::1", "user-agent": "PostmanRuntime/7.30.0", "errors": "", "cost": 2018851}
2023-01-06T15:29:21.192+0800	INFO	/home/goproject/src/zhihu/middleware/zap.go:26	/api/v1/topics/1	{"status": 200, "method": "GET", "path": "/api/v1/topics/1", "query": "", "ip": "::1", "user-agent": "PostmanRuntime/7.30.0", "errors": "", "cost": 665769}
2023-01-06T15:29:21.855+0800	INFO	/home/goproject/src/zhihu/middleware/zap.go:26	/api/v1/topics/1	{"status": 200, "method": "GET", "path": "/api/v1/topics/1", "query": "", "ip": "::1", "user-agent": "PostmanRuntime/7.30.0", "errors": "", "cost": 491975}
2023-01-06T15:30:23.293+0800	INFO	/home/goproject/src/zhihu/boot/logger.go:34	init logger successfully
2023-01-06T15:30:23.300+0800	INFO	/home/goproject/src/zhihu/boot/database.go:31	connect mysql successfully
2023-01-06T15:30:23.301+0800	INFO	/home/goproject/src/zhihu/boot/database.go:45	connect redis successfully
2023-01-06T15:30:27.534+0800	INFO	/home/goproject/src/zhihu/middleware/zap.go:26	/api/v1/topics/33	{"status": 200, "method": "GET", "path": "/api/v1/topics/33", "query": "", "ip": "::1", "user-agent": "PostmanRuntime/7.30.0", "errors": "", "cost": 1696258}
2023-01-06T15:30:39.390+0800	INFO	/home/goproject/src/zhihu/boot/logger.go:34	init logger successfully
2023-01-06T15:30:39.393+0800	INFO	/home/goproject/src/zhihu/boot/database.go:31	connect mysql successfully
2023-01-06T15:30:39.394+0800	INFO	/home/goproject/src/zhihu/boot/database.go:45	connect redis successfully
2023-01-06T15:30:43.795+0800	INFO	/home/goproject/src/zhihu/middleware/zap.go:26	/api/v1/topics/3	{"status": 200, "method": "GET", "path": "/api/v1/topics/3", "query": "", "ip": "::1", "user-agent": "PostmanRuntime/7.30.0", "errors": "", "cost": 6492590}
2023-01-06T15:30:48.026+0800	INFO	/home/goproject/src/zhihu/middleware/zap.go:26	/api/v1/topics/2	{"status": 200, "method": "GET", "path": "/api/v1/topics/2", "query": "", "ip": "::1", "user-agent": "PostmanRuntime/7.30.0", "errors": "", "cost": 1885155}
2023-01-06T15:30:51.981+0800	INFO	/home/goproject/src/zhihu/middleware/zap.go:26	/api/v1/topics/4	{"status": 200, "method": "GET", "path": "/api/v1/topics/4", "query": "", "ip": "::1", "user-agent": "PostmanRuntime/7.30.0", "errors": "", "cost": 2047364}
2023-01-06T15:30:52.755+0800	INFO	/home/goproject/src/zhihu/middleware/zap.go:26	/api/v1/topics/4	{"status": 200, "method": "GET", "path": "/api/v1/topics/4", "query": "", "ip": "::1", "user-agent": "PostmanRuntime/7.30.0", "errors": "", "cost": 573163}
2023-01-06T15:30:53.277+0800	INFO	/home/goproject/src/zhihu/middleware/zap.go:26	/api/v1/topics/4	{"status": 200, "method": "GET", "path": "/api/v1/topics/4", "query": "", "ip": "::1", "user-agent": "PostmanRuntime/7.30.0", "errors": "", "cost": 554644}
2023-01-06T15:30:57.434+0800	INFO	/home/goproject/src/zhihu/middleware/zap.go:26	/api/v1/topics/2	{"status": 200, "method": "GET", "path": "/api/v1/topics/2", "query": "", "ip": "::1", "user-agent": "PostmanRuntime/7.30.0", "errors": "", "cost": 561107}
2023-01-06T15:30:57.856+0800	INFO	/home/goproject/src/zhihu/middleware/zap.go:26	/api/v1/topics/2	{"status": 200, "method": "GET", "path": "/api/v1/topics/2", "query": "", "ip": "::1", "user-agent": "PostmanRuntime/7.30.0", "errors": "", "cost": 499829}
2023-01-06T15:31:01.892+0800	INFO	/home/goproject/src/zhihu/middleware/zap.go:26	/api/v1/topics/3	{"status": 200, "method": "GET", "path": "/api/v1/topics/3", "query": "", "ip": "::1", "user-agent": "PostmanRuntime/7.30.0", "errors": "", "cost": 493768}
2023-01-06T15:31:02.291+0800	INFO	/home/goproject/src/zhihu/middleware/zap.go:26	/api/v1/topics/3	{"status": 200, "method": "GET", "path": "/api/v1/topics/3", "query": "", "ip": "::1", "user-agent": "PostmanRuntime/7.30.0", "errors": "", "cost": 485376}
2023-01-06T15:31:02.885+0800	INFO	/home/goproject/src/zhihu/middleware/zap.go:26	/api/v1/topics/3	{"status": 200, "method": "GET", "path": "/api/v1/topics/3", "query": "", "ip": "::1", "user-agent": "PostmanRuntime/7.30.0", "errors": "", "cost": 550282}
2023-01-06T23:10:28.863+0800	INFO	/home/goproject/src/zhihu/boot/logger.go:34	init logger successfully
2023-01-06T23:10:28.886+0800	INFO	/home/goproject/src/zhihu/boot/database.go:31	connect mysql successfully
2023-01-06T23:10:28.893+0800	INFO	/home/goproject/src/zhihu/boot/database.go:45	connect redis successfully
2023-01-06T23:10:31.795+0800	INFO	/home/goproject/src/zhihu/middleware/zap.go:26	/api/v1/post	{"status": 200, "method": "POST", "path": "/api/v1/post", "query": "", "ip": "::1", "user-agent": "PostmanRuntime/7.30.0", "errors": "", "cost": 2153809}
2023-01-06T23:10:41.597+0800	INFO	/home/goproject/src/zhihu/middleware/zap.go:26	/api/v1/post	{"status": 200, "method": "POST", "path": "/api/v1/post", "query": "", "ip": "::1", "user-agent": "PostmanRuntime/7.30.0", "errors": "", "cost": 87160}
2023-01-06T23:12:18.395+0800	INFO	/home/goproject/src/zhihu/boot/logger.go:34	init logger successfully
2023-01-06T23:12:18.401+0800	INFO	/home/goproject/src/zhihu/boot/database.go:31	connect mysql successfully
2023-01-06T23:12:18.402+0800	INFO	/home/goproject/src/zhihu/boot/database.go:45	connect redis successfully
2023-01-06T23:12:28.283+0800	INFO	/home/goproject/src/zhihu/middleware/zap.go:26	/api/v1/post	{"status": 200, "method": "POST", "path": "/api/v1/post", "query": "", "ip": "::1", "user-agent": "PostmanRuntime/7.30.0", "errors": "", "cost": 2250171}
2023-01-06T23:13:02.001+0800	INFO	/home/goproject/src/zhihu/boot/logger.go:34	init logger successfully
2023-01-06T23:13:02.009+0800	INFO	/home/goproject/src/zhihu/boot/database.go:31	connect mysql successfully
2023-01-06T23:13:02.011+0800	INFO	/home/goproject/src/zhihu/boot/database.go:45	connect redis successfully
2023-01-06T23:13:03.421+0800	INFO	/home/goproject/src/zhihu/middleware/zap.go:26	/api/v1/post	{"status": 200, "method": "POST", "path": "/api/v1/post", "query": "", "ip": "::1", "user-agent": "PostmanRuntime/7.30.0", "errors": "", "cost": 1907376}
2023-01-06T23:16:08.612+0800	INFO	/home/goproject/src/zhihu/boot/logger.go:34	init logger successfully
2023-01-06T23:16:08.620+0800	INFO	/home/goproject/src/zhihu/boot/database.go:31	connect mysql successfully
2023-01-06T23:16:08.622+0800	INFO	/home/goproject/src/zhihu/boot/database.go:45	connect redis successfully
2023-01-06T23:16:10.207+0800	INFO	/home/goproject/src/zhihu/middleware/zap.go:26	/api/v1/post	{"status": 200, "method": "POST", "path": "/api/v1/post", "query": "", "ip": "::1", "user-agent": "PostmanRuntime/7.30.0", "errors": "", "cost": 2682110}
2023-01-06T23:16:48.379+0800	INFO	/home/goproject/src/zhihu/middleware/zap.go:26	/api/v1/post	{"status": 200, "method": "POST", "path": "/api/v1/post", "query": "", "ip": "::1", "user-agent": "PostmanRuntime/7.30.0", "errors": "", "cost": 267682}
2023-01-06T23:18:42.615+0800	INFO	/home/goproject/src/zhihu/boot/logger.go:34	init logger successfully
2023-01-06T23:18:42.621+0800	INFO	/home/goproject/src/zhihu/boot/database.go:31	connect mysql successfully
2023-01-06T23:18:42.622+0800	INFO	/home/goproject/src/zhihu/boot/database.go:45	connect redis successfully
2023-01-06T23:18:45.027+0800	INFO	/home/goproject/src/zhihu/middleware/zap.go:26	/api/v1/post	{"status": 200, "method": "POST", "path": "/api/v1/post", "query": "", "ip": "::1", "user-agent": "PostmanRuntime/7.30.0", "errors": "", "cost": 56929825}
2023-01-06T23:55:33.844+0800	INFO	/home/goproject/src/zhihu/boot/logger.go:34	init logger successfully
2023-01-06T23:55:33.851+0800	INFO	/home/goproject/src/zhihu/boot/database.go:31	connect mysql successfully
2023-01-06T23:55:33.853+0800	INFO	/home/goproject/src/zhihu/boot/database.go:45	connect redis successfully
2023-01-06T23:55:36.679+0800	INFO	/home/goproject/src/zhihu/middleware/zap.go:26	/api/v1/post	{"status": 200, "method": "POST", "path": "/api/v1/post", "query": "", "ip": "::1", "user-agent": "PostmanRuntime/7.30.0", "errors": "", "cost": 4639117}
2023-01-07T00:29:01.231+0800	INFO	/home/goproject/src/zhihu/boot/logger.go:34	init logger successfully
2023-01-07T00:29:01.239+0800	INFO	/home/goproject/src/zhihu/boot/database.go:31	connect mysql successfully
2023-01-07T00:29:01.241+0800	INFO	/home/goproject/src/zhihu/boot/database.go:45	connect redis successfully
2023-01-07T00:29:45.387+0800	INFO	/home/goproject/src/zhihu/middleware/zap.go:26	/api/v1/post/8430236365991936	{"status": 200, "method": "GET", "path": "/api/v1/post/8430236365991936", "query": "", "ip": "::1", "user-agent": "PostmanRuntime/7.30.0", "errors": "", "cost": 1856737}
2023-01-07T00:30:17.937+0800	INFO	/home/goproject/src/zhihu/boot/logger.go:34	init logger successfully
2023-01-07T00:30:17.943+0800	INFO	/home/goproject/src/zhihu/boot/database.go:31	connect mysql successfully
2023-01-07T00:30:17.944+0800	INFO	/home/goproject/src/zhihu/boot/database.go:45	connect redis successfully
2023-01-07T00:30:20.443+0800	WARN	/home/goproject/src/zhihu/controller/post.go:58	missing destination name pid in *model.PostDetail
2023-01-07T00:30:20.446+0800	INFO	/home/goproject/src/zhihu/middleware/zap.go:26	/api/v1/post/8430236365991936	{"status": 200, "method": "GET", "path": "/api/v1/post/8430236365991936", "query": "", "ip": "::1", "user-agent": "PostmanRuntime/7.30.0", "errors": "", "cost": 4484293}
2023-01-07T00:32:29.235+0800	WARN	/home/goproject/src/zhihu/controller/post.go:58	missing destination name pid in *model.PostDetail
2023-01-07T00:32:29.235+0800	INFO	/home/goproject/src/zhihu/middleware/zap.go:26	/api/v1/post/8430236365991936	{"status": 200, "method": "GET", "path": "/api/v1/post/8430236365991936", "query": "", "ip": "::1", "user-agent": "PostmanRuntime/7.30.0", "errors": "", "cost": 1975061}
2023-01-07T00:32:58.718+0800	INFO	/home/goproject/src/zhihu/boot/logger.go:34	init logger successfully
2023-01-07T00:32:58.722+0800	INFO	/home/goproject/src/zhihu/boot/database.go:31	connect mysql successfully
2023-01-07T00:32:58.723+0800	INFO	/home/goproject/src/zhihu/boot/database.go:45	connect redis successfully
2023-01-07T00:33:01.649+0800	INFO	/home/goproject/src/zhihu/middleware/zap.go:26	/api/v1/post/8430236365991936	{"status": 200, "method": "GET", "path": "/api/v1/post/8430236365991936", "query": "", "ip": "::1", "user-agent": "PostmanRuntime/7.30.0", "errors": "", "cost": 12125388}
2023-01-07T00:33:47.318+0800	INFO	/home/goproject/src/zhihu/middleware/zap.go:26	/api/v1/post/843023636599193	{"status": 200, "method": "GET", "path": "/api/v1/post/843023636599193", "query": "", "ip": "::1", "user-agent": "PostmanRuntime/7.30.0", "errors": "", "cost": 1241045}
2023-01-07T00:33:51.738+0800	INFO	/home/goproject/src/zhihu/middleware/zap.go:26	/api/v1/post/8430236365991936	{"status": 200, "method": "GET", "path": "/api/v1/post/8430236365991936", "query": "", "ip": "::1", "user-agent": "PostmanRuntime/7.30.0", "errors": "", "cost": 3116358}
2023-01-07T00:34:05.176+0800	INFO	/home/goproject/src/zhihu/middleware/zap.go:26	/api/v1/post/843023636599193	{"status": 200, "method": "GET", "path": "/api/v1/post/843023636599193", "query": "", "ip": "::1", "user-agent": "PostmanRuntime/7.30.0", "errors": "", "cost": 1133644}
2023-01-07T00:51:55.876+0800	INFO	/home/goproject/src/zhihu/boot/logger.go:34	init logger successfully
2023-01-07T00:51:55.881+0800	INFO	/home/goproject/src/zhihu/boot/database.go:31	connect mysql successfully
2023-01-07T00:51:55.882+0800	INFO	/home/goproject/src/zhihu/boot/database.go:45	connect redis successfully
2023-01-07T00:52:00.117+0800	INFO	/home/goproject/src/zhihu/middleware/zap.go:26	/api/v1/post/843023636599193	{"status": 200, "method": "GET", "path": "/api/v1/post/843023636599193", "query": "", "ip": "::1", "user-agent": "PostmanRuntime/7.30.0", "errors": "", "cost": 2104708}
2023-01-07T00:52:05.871+0800	INFO	/home/goproject/src/zhihu/middleware/zap.go:26	/api/v1/post/8430236365991936	{"status": 200, "method": "GET", "path": "/api/v1/post/8430236365991936", "query": "", "ip": "::1", "user-agent": "PostmanRuntime/7.30.0", "errors": "", "cost": 5025359}
2023-01-07T00:52:07.690+0800	WARN	/home/goproject/src/zhihu/controller/post.go:58	json: Unmarshal(nil *model.PostDetail)
2023-01-07T00:52:07.690+0800	INFO	/home/goproject/src/zhihu/middleware/zap.go:26	/api/v1/post/8430236365991936	{"status": 200, "method": "GET", "path": "/api/v1/post/8430236365991936", "query": "", "ip": "::1", "user-agent": "PostmanRuntime/7.30.0", "errors": "", "cost": 689938}
2023-01-07T00:52:08.226+0800	WARN	/home/goproject/src/zhihu/controller/post.go:58	json: Unmarshal(nil *model.PostDetail)
2023-01-07T00:52:08.226+0800	INFO	/home/goproject/src/zhihu/middleware/zap.go:26	/api/v1/post/8430236365991936	{"status": 200, "method": "GET", "path": "/api/v1/post/8430236365991936", "query": "", "ip": "::1", "user-agent": "PostmanRuntime/7.30.0", "errors": "", "cost": 729575}
2023-01-07T00:52:08.847+0800	WARN	/home/goproject/src/zhihu/controller/post.go:58	json: Unmarshal(nil *model.PostDetail)
2023-01-07T00:52:08.847+0800	INFO	/home/goproject/src/zhihu/middleware/zap.go:26	/api/v1/post/8430236365991936	{"status": 200, "method": "GET", "path": "/api/v1/post/8430236365991936", "query": "", "ip": "::1", "user-agent": "PostmanRuntime/7.30.0", "errors": "", "cost": 543669}
2023-01-07T00:52:09.429+0800	WARN	/home/goproject/src/zhihu/controller/post.go:58	json: Unmarshal(nil *model.PostDetail)
2023-01-07T00:52:09.429+0800	INFO	/home/goproject/src/zhihu/middleware/zap.go:26	/api/v1/post/8430236365991936	{"status": 200, "method": "GET", "path": "/api/v1/post/8430236365991936", "query": "", "ip": "::1", "user-agent": "PostmanRuntime/7.30.0", "errors": "", "cost": 595139}
2023-01-07T00:52:09.881+0800	WARN	/home/goproject/src/zhihu/controller/post.go:58	json: Unmarshal(nil *model.PostDetail)
2023-01-07T00:52:09.881+0800	INFO	/home/goproject/src/zhihu/middleware/zap.go:26	/api/v1/post/8430236365991936	{"status": 200, "method": "GET", "path": "/api/v1/post/8430236365991936", "query": "", "ip": "::1", "user-agent": "PostmanRuntime/7.30.0", "errors": "", "cost": 523402}
2023-01-07T00:52:10.206+0800	WARN	/home/goproject/src/zhihu/controller/post.go:58	json: Unmarshal(nil *model.PostDetail)
2023-01-07T00:52:10.206+0800	INFO	/home/goproject/src/zhihu/middleware/zap.go:26	/api/v1/post/8430236365991936	{"status": 200, "method": "GET", "path": "/api/v1/post/8430236365991936", "query": "", "ip": "::1", "user-agent": "PostmanRuntime/7.30.0", "errors": "", "cost": 536702}
2023-01-07T00:53:00.112+0800	INFO	/home/goproject/src/zhihu/boot/logger.go:34	init logger successfully
2023-01-07T00:53:00.115+0800	INFO	/home/goproject/src/zhihu/boot/database.go:31	connect mysql successfully
2023-01-07T00:53:00.117+0800	INFO	/home/goproject/src/zhihu/boot/database.go:45	connect redis successfully
2023-01-07T00:53:02.489+0800	INFO	/home/goproject/src/zhihu/middleware/zap.go:26	/api/v1/post/8430236365991936	{"status": 200, "method": "GET", "path": "/api/v1/post/8430236365991936", "query": "", "ip": "::1", "user-agent": "PostmanRuntime/7.30.0", "errors": "", "cost": 2215607}
2023-01-07T00:53:08.021+0800	INFO	/home/goproject/src/zhihu/middleware/zap.go:26	/api/v1/post/8430236365991936	{"status": 200, "method": "GET", "path": "/api/v1/post/8430236365991936", "query": "", "ip": "::1", "user-agent": "PostmanRuntime/7.30.0", "errors": "", "cost": 550773}
2023-01-07T00:53:08.622+0800	INFO	/home/goproject/src/zhihu/middleware/zap.go:26	/api/v1/post/8430236365991936	{"status": 200, "method": "GET", "path": "/api/v1/post/8430236365991936", "query": "", "ip": "::1", "user-agent": "PostmanRuntime/7.30.0", "errors": "", "cost": 568740}
2023-01-07T00:53:09.063+0800	INFO	/home/goproject/src/zhihu/middleware/zap.go:26	/api/v1/post/8430236365991936	{"status": 200, "method": "GET", "path": "/api/v1/post/8430236365991936", "query": "", "ip": "::1", "user-agent": "PostmanRuntime/7.30.0", "errors": "", "cost": 536276}
2023-01-07T00:53:09.377+0800	INFO	/home/goproject/src/zhihu/middleware/zap.go:26	/api/v1/post/8430236365991936	{"status": 200, "method": "GET", "path": "/api/v1/post/8430236365991936", "query": "", "ip": "::1", "user-agent": "PostmanRuntime/7.30.0", "errors": "", "cost": 490983}
2023-01-07T00:53:09.784+0800	INFO	/home/goproject/src/zhihu/middleware/zap.go:26	/api/v1/post/8430236365991936	{"status": 200, "method": "GET", "path": "/api/v1/post/8430236365991936", "query": "", "ip": "::1", "user-agent": "PostmanRuntime/7.30.0", "errors": "", "cost": 485597}
2023-01-07T00:53:10.066+0800	INFO	/home/goproject/src/zhihu/middleware/zap.go:26	/api/v1/post/8430236365991936	{"status": 200, "method": "GET", "path": "/api/v1/post/8430236365991936", "query": "", "ip": "::1", "user-agent": "PostmanRuntime/7.30.0", "errors": "", "cost": 579826}
2023-01-07T00:53:10.411+0800	INFO	/home/goproject/src/zhihu/middleware/zap.go:26	/api/v1/post/8430236365991936	{"status": 200, "method": "GET", "path": "/api/v1/post/8430236365991936", "query": "", "ip": "::1", "user-agent": "PostmanRuntime/7.30.0", "errors": "", "cost": 512713}
2023-01-07T00:53:11.680+0800	INFO	/home/goproject/src/zhihu/middleware/zap.go:26	/api/v1/post/8430236365991936	{"status": 200, "method": "GET", "path": "/api/v1/post/8430236365991936", "query": "", "ip": "::1", "user-agent": "PostmanRuntime/7.30.0", "errors": "", "cost": 677515}
2023-01-07T00:53:12.211+0800	INFO	/home/goproject/src/zhihu/middleware/zap.go:26	/api/v1/post/8430236365991936	{"status": 200, "method": "GET", "path": "/api/v1/post/8430236365991936", "query": "", "ip": "::1", "user-agent": "PostmanRuntime/7.30.0", "errors": "", "cost": 536285}
2023-01-07T00:53:12.648+0800	INFO	/home/goproject/src/zhihu/middleware/zap.go:26	/api/v1/post/8430236365991936	{"status": 200, "method": "GET", "path": "/api/v1/post/8430236365991936", "query": "", "ip": "::1", "user-agent": "PostmanRuntime/7.30.0", "errors": "", "cost": 582976}
2023-01-07T00:53:13.053+0800	INFO	/home/goproject/src/zhihu/middleware/zap.go:26	/api/v1/post/8430236365991936	{"status": 200, "method": "GET", "path": "/api/v1/post/8430236365991936", "query": "", "ip": "::1", "user-agent": "PostmanRuntime/7.30.0", "errors": "", "cost": 676558}
2023-01-07T00:53:13.436+0800	INFO	/home/goproject/src/zhihu/middleware/zap.go:26	/api/v1/post/8430236365991936	{"status": 200, "method": "GET", "path": "/api/v1/post/8430236365991936", "query": "", "ip": "::1", "user-agent": "PostmanRuntime/7.30.0", "errors": "", "cost": 548433}
2023-01-07T00:53:21.462+0800	INFO	/home/goproject/src/zhihu/middleware/zap.go:26	/api/v1/post/843023636599193	{"status": 200, "method": "GET", "path": "/api/v1/post/843023636599193", "query": "", "ip": "::1", "user-agent": "PostmanRuntime/7.30.0", "errors": "", "cost": 1798341}
2023-01-07T00:53:22.023+0800	INFO	/home/goproject/src/zhihu/middleware/zap.go:26	/api/v1/post/843023636599193	{"status": 200, "method": "GET", "path": "/api/v1/post/843023636599193", "query": "", "ip": "::1", "user-agent": "PostmanRuntime/7.30.0", "errors": "", "cost": 1563699}
2023-01-07T00:53:22.494+0800	INFO	/home/goproject/src/zhihu/middleware/zap.go:26	/api/v1/post/843023636599193	{"status": 200, "method": "GET", "path": "/api/v1/post/843023636599193", "query": "", "ip": "::1", "user-agent": "PostmanRuntime/7.30.0", "errors": "", "cost": 1265059}
2023-01-07T00:53:24.827+0800	INFO	/home/goproject/src/zhihu/middleware/zap.go:26	/api/v1/post/8430236365991936	{"status": 200, "method": "GET", "path": "/api/v1/post/8430236365991936", "query": "", "ip": "::1", "user-agent": "PostmanRuntime/7.30.0", "errors": "", "cost": 658992}
2023-01-07T00:57:55.091+0800	INFO	/home/goproject/src/zhihu/boot/logger.go:34	init logger successfully
2023-01-07T00:57:55.095+0800	INFO	/home/goproject/src/zhihu/boot/database.go:31	connect mysql successfully
2023-01-07T00:57:55.096+0800	INFO	/home/goproject/src/zhihu/boot/database.go:45	connect redis successfully
2023-01-07T15:46:04.255+0800	INFO	/home/goproject/src/zhihu/boot/logger.go:34	init logger successfully
2023-01-07T15:46:04.264+0800	INFO	/home/goproject/src/zhihu/boot/database.go:31	connect mysql successfully
2023-01-07T15:46:04.266+0800	INFO	/home/goproject/src/zhihu/boot/database.go:45	connect redis successfully
2023-01-07T15:46:24.244+0800	ERROR	/home/goproject/src/zhihu/controller/post.go:71	Error 1064 (42000): You have an error in your SQL syntax; check the manual that corresponds to your MySQL server version for the right syntax to use near '? and type = 1 limit 2' at line 1
2023-01-07T15:46:24.245+0800	INFO	/home/goproject/src/zhihu/middleware/zap.go:26	/api/v1/questions	{"status": 200, "method": "GET", "path": "/api/v1/questions", "query": "", "ip": "::1", "user-agent": "PostmanRuntime/7.30.0", "errors": "", "cost": 944228}
2023-01-07T15:47:52.579+0800	INFO	/home/goproject/src/zhihu/boot/logger.go:34	init logger successfully
2023-01-07T15:47:52.583+0800	INFO	/home/goproject/src/zhihu/boot/database.go:31	connect mysql successfully
2023-01-07T15:47:52.584+0800	INFO	/home/goproject/src/zhihu/boot/database.go:45	connect redis successfully
2023-01-07T15:47:54.262+0800	INFO	/home/goproject/src/zhihu/middleware/zap.go:26	/api/v1/questions	{"status": 200, "method": "GET", "path": "/api/v1/questions", "query": "", "ip": "::1", "user-agent": "PostmanRuntime/7.30.0", "errors": "", "cost": 6290853}
2023-01-07T15:49:52.918+0800	INFO	/home/goproject/src/zhihu/boot/logger.go:34	init logger successfully
2023-01-07T15:49:52.924+0800	INFO	/home/goproject/src/zhihu/boot/database.go:31	connect mysql successfully
2023-01-07T15:49:52.925+0800	INFO	/home/goproject/src/zhihu/boot/database.go:45	connect redis successfully
2023-01-07T15:49:54.449+0800	INFO	/home/goproject/src/zhihu/middleware/zap.go:26	/api/v1/post	{"status": 200, "method": "POST", "path": "/api/v1/post", "query": "", "ip": "::1", "user-agent": "PostmanRuntime/7.30.0", "errors": "", "cost": 28585649}
2023-01-07T15:50:00.392+0800	INFO	/home/goproject/src/zhihu/middleware/zap.go:26	/api/v1/questions	{"status": 200, "method": "GET", "path": "/api/v1/questions", "query": "", "ip": "::1", "user-agent": "PostmanRuntime/7.30.0", "errors": "", "cost": 5592671}
2023-01-07T15:51:10.170+0800	INFO	/home/goproject/src/zhihu/middleware/zap.go:26	/api/v1/post	{"status": 200, "method": "POST", "path": "/api/v1/post", "query": "", "ip": "::1", "user-agent": "PostmanRuntime/7.30.0", "errors": "", "cost": 21180711}
2023-01-07T15:51:13.413+0800	INFO	/home/goproject/src/zhihu/middleware/zap.go:26	/api/v1/questions	{"status": 200, "method": "GET", "path": "/api/v1/questions", "query": "", "ip": "::1", "user-agent": "PostmanRuntime/7.30.0", "errors": "", "cost": 4153504}
2023-01-07T15:51:38.023+0800	INFO	/home/goproject/src/zhihu/boot/logger.go:34	init logger successfully
2023-01-07T15:51:38.030+0800	INFO	/home/goproject/src/zhihu/boot/database.go:31	connect mysql successfully
2023-01-07T15:51:38.031+0800	INFO	/home/goproject/src/zhihu/boot/database.go:45	connect redis successfully
2023-01-07T15:51:39.963+0800	INFO	/home/goproject/src/zhihu/middleware/zap.go:26	/api/v1/questions	{"status": 200, "method": "GET", "path": "/api/v1/questions", "query": "", "ip": "::1", "user-agent": "PostmanRuntime/7.30.0", "errors": "", "cost": 6958283}
2023-01-07T15:51:53.047+0800	INFO	/home/goproject/src/zhihu/middleware/zap.go:26	/api/v1/questions	{"status": 200, "method": "GET", "path": "/api/v1/questions", "query": "", "ip": "::1", "user-agent": "PostmanRuntime/7.30.0", "errors": "", "cost": 5549708}
2023-01-07T15:51:53.747+0800	INFO	/home/goproject/src/zhihu/middleware/zap.go:26	/api/v1/questions	{"status": 200, "method": "GET", "path": "/api/v1/questions", "query": "", "ip": "::1", "user-agent": "PostmanRuntime/7.30.0", "errors": "", "cost": 5033725}
2023-01-07T15:54:36.996+0800	INFO	/home/goproject/src/zhihu/boot/logger.go:34	init logger successfully
2023-01-07T15:54:37.002+0800	INFO	/home/goproject/src/zhihu/boot/database.go:31	connect mysql successfully
2023-01-07T15:54:37.003+0800	INFO	/home/goproject/src/zhihu/boot/database.go:45	connect redis successfully
2023-01-07T15:55:08.235+0800	INFO	/home/goproject/src/zhihu/middleware/zap.go:26	/api/v1/post	{"status": 200, "method": "POST", "path": "/api/v1/post", "query": "", "ip": "::1", "user-agent": "PostmanRuntime/7.30.0", "errors": "", "cost": 16800385}
2023-01-07T16:13:11.881+0800	INFO	/home/goproject/src/zhihu/boot/logger.go:34	init logger successfully
2023-01-07T16:13:11.889+0800	INFO	/home/goproject/src/zhihu/boot/database.go:31	connect mysql successfully
2023-01-07T16:13:11.890+0800	INFO	/home/goproject/src/zhihu/boot/database.go:45	connect redis successfully
2023-01-07T16:19:20.150+0800	INFO	/home/goproject/src/zhihu/boot/logger.go:34	init logger successfully
2023-01-07T16:19:20.159+0800	INFO	/home/goproject/src/zhihu/boot/database.go:31	connect mysql successfully
2023-01-07T16:19:20.160+0800	INFO	/home/goproject/src/zhihu/boot/database.go:45	connect redis successfully
2023-01-07T16:19:24.023+0800	INFO	/home/goproject/src/zhihu/middleware/zap.go:26	/api/v1/questions	{"status": 200, "method": "GET", "path": "/api/v1/questions", "query": "", "ip": "::1", "user-agent": "PostmanRuntime/7.30.0", "errors": "", "cost": 12381850}
2023-01-07T16:20:30.101+0800	INFO	/home/goproject/src/zhihu/boot/logger.go:34	init logger successfully
2023-01-07T16:20:30.108+0800	INFO	/home/goproject/src/zhihu/boot/database.go:31	connect mysql successfully
2023-01-07T16:20:30.109+0800	INFO	/home/goproject/src/zhihu/boot/database.go:45	connect redis successfully
2023-01-07T16:20:41.064+0800	INFO	/home/goproject/src/zhihu/middleware/zap.go:26	/api/v1/questions	{"status": 200, "method": "GET", "path": "/api/v1/questions", "query": "size=1", "ip": "::1", "user-agent": "PostmanRuntime/7.30.0", "errors": "", "cost": 4651339}
2023-01-07T16:20:55.768+0800	INFO	/home/goproject/src/zhihu/middleware/zap.go:26	/api/v1/questions	{"status": 200, "method": "GET", "path": "/api/v1/questions", "query": "size=2", "ip": "::1", "user-agent": "PostmanRuntime/7.30.0", "errors": "", "cost": 4462973}
2023-01-07T16:21:10.584+0800	INFO	/home/goproject/src/zhihu/middleware/zap.go:26	/api/v1/questions	{"status": 200, "method": "GET", "path": "/api/v1/questions", "query": "page=2&size=2", "ip": "::1", "user-agent": "PostmanRuntime/7.30.0", "errors": "", "cost": 3951744}
2023-01-07T16:21:24.282+0800	ERROR	/home/goproject/src/zhihu/controller/post.go:73	Error 1690 (22003): signed integer value is out of range in 'mysqld_stmt_execute'
2023-01-07T16:21:24.282+0800	INFO	/home/goproject/src/zhihu/middleware/zap.go:26	/api/v1/questions	{"status": 200, "method": "GET", "path": "/api/v1/questions", "query": "page=0&size=2", "ip": "::1", "user-agent": "PostmanRuntime/7.30.0", "errors": "", "cost": 1637156}
2023-01-07T16:23:10.239+0800	INFO	/home/goproject/src/zhihu/middleware/zap.go:26	/api/v1/questions	{"status": 200, "method": "GET", "path": "/api/v1/questions", "query": "page=2&size=2", "ip": "::1", "user-agent": "PostmanRuntime/7.30.0", "errors": "", "cost": 4862456}
2023-01-07T16:23:24.691+0800	INFO	/home/goproject/src/zhihu/middleware/zap.go:26	/api/v1/questions	{"status": 200, "method": "GET", "path": "/api/v1/questions", "query": "page=3&size=2", "ip": "::1", "user-agent": "PostmanRuntime/7.30.0", "errors": "", "cost": 1257078}
2023-01-07T16:23:34.699+0800	INFO	/home/goproject/src/zhihu/middleware/zap.go:26	/api/v1/questions	{"status": 200, "method": "GET", "path": "/api/v1/questions", "query": "page=3&size=1", "ip": "::1", "user-agent": "PostmanRuntime/7.30.0", "errors": "", "cost": 2426424}
2023-01-07T16:24:44.954+0800	INFO	/home/goproject/src/zhihu/middleware/zap.go:26	/api/v1/questions	{"status": 200, "method": "GET", "path": "/api/v1/questions", "query": "", "ip": "::1", "user-agent": "PostmanRuntime/7.30.0", "errors": "", "cost": 6949467}
2023-01-07T16:25:08.313+0800	INFO	/home/goproject/src/zhihu/middleware/zap.go:26	/api/v1/questions	{"status": 200, "method": "GET", "path": "/api/v1/questions", "query": "page=1&size=1", "ip": "::1", "user-agent": "PostmanRuntime/7.30.0", "errors": "", "cost": 3146836}
2023-01-07T16:25:15.926+0800	INFO	/home/goproject/src/zhihu/middleware/zap.go:26	/api/v1/questions	{"status": 200, "method": "GET", "path": "/api/v1/questions", "query": "page=2&size=1", "ip": "::1", "user-agent": "PostmanRuntime/7.30.0", "errors": "", "cost": 3152257}
2023-01-07T16:25:20.389+0800	ERROR	/home/goproject/src/zhihu/controller/post.go:73	Error 1690 (22003): signed integer value is out of range in 'mysqld_stmt_execute'
2023-01-07T16:25:20.389+0800	INFO	/home/goproject/src/zhihu/middleware/zap.go:26	/api/v1/questions	{"status": 200, "method": "GET", "path": "/api/v1/questions", "query": "page=0&size=1", "ip": "::1", "user-agent": "PostmanRuntime/7.30.0", "errors": "", "cost": 1056780}
2023-01-07T16:25:23.681+0800	INFO	/home/goproject/src/zhihu/middleware/zap.go:26	/api/v1/questions	{"status": 200, "method": "GET", "path": "/api/v1/questions", "query": "page=1&size=1", "ip": "::1", "user-agent": "PostmanRuntime/7.30.0", "errors": "", "cost": 2861457}
2023-01-07T16:25:33.621+0800	INFO	/home/goproject/src/zhihu/middleware/zap.go:26	/api/v1/questions	{"status": 200, "method": "GET", "path": "/api/v1/questions", "query": "page=3&size=1", "ip": "::1", "user-agent": "PostmanRuntime/7.30.0", "errors": "", "cost": 2696104}
2023-01-07T16:25:38.868+0800	INFO	/home/goproject/src/zhihu/middleware/zap.go:26	/api/v1/questions	{"status": 200, "method": "GET", "path": "/api/v1/questions", "query": "page=4&size=1", "ip": "::1", "user-agent": "PostmanRuntime/7.30.0", "errors": "", "cost": 3457837}
2023-01-07T16:26:01.068+0800	INFO	/home/goproject/src/zhihu/middleware/zap.go:26	/api/v1/questions	{"status": 200, "method": "GET", "path": "/api/v1/questions", "query": "page=4&size=10", "ip": "::1", "user-agent": "PostmanRuntime/7.30.0", "errors": "", "cost": 1062405}
2023-01-07T16:27:04.174+0800	INFO	/home/goproject/src/zhihu/middleware/zap.go:26	/api/v1/questions	{"status": 200, "method": "GET", "path": "/api/v1/questions", "query": "size=10", "ip": "::1", "user-agent": "PostmanRuntime/7.30.0", "errors": "", "cost": 7287137}
2023-01-07T16:35:19.056+0800	INFO	/home/goproject/src/zhihu/boot/logger.go:34	init logger successfully
2023-01-07T16:35:19.062+0800	INFO	/home/goproject/src/zhihu/boot/database.go:31	connect mysql successfully
2023-01-07T16:35:19.063+0800	INFO	/home/goproject/src/zhihu/boot/database.go:45	connect redis successfully
2023-01-07T16:35:21.123+0800	INFO	/home/goproject/src/zhihu/middleware/zap.go:26	/api/v1/essays	{"status": 200, "method": "GET", "path": "/api/v1/essays", "query": "", "ip": "::1", "user-agent": "PostmanRuntime/7.30.0", "errors": "", "cost": 2937167}
2023-01-07T16:35:35.879+0800	INFO	/home/goproject/src/zhihu/middleware/zap.go:26	/api/v1/essays	{"status": 200, "method": "GET", "path": "/api/v1/essays", "query": "page=1&size=1", "ip": "::1", "user-agent": "PostmanRuntime/7.30.0", "errors": "", "cost": 1112439}
2023-01-07T16:35:36.567+0800	INFO	/home/goproject/src/zhihu/middleware/zap.go:26	/api/v1/essays	{"status": 200, "method": "GET", "path": "/api/v1/essays", "query": "page=1&size=1", "ip": "::1", "user-agent": "PostmanRuntime/7.30.0", "errors": "", "cost": 1167944}
2023-01-07T16:35:40.638+0800	INFO	/home/goproject/src/zhihu/middleware/zap.go:26	/api/v1/essays	{"status": 200, "method": "GET", "path": "/api/v1/essays", "query": "page=2&size=1", "ip": "::1", "user-agent": "PostmanRuntime/7.30.0", "errors": "", "cost": 1200403}
2023-01-07T16:37:04.033+0800	INFO	/home/goproject/src/zhihu/middleware/zap.go:26	/api/v1/post	{"status": 200, "method": "POST", "path": "/api/v1/post", "query": "", "ip": "::1", "user-agent": "PostmanRuntime/7.30.0", "errors": "", "cost": 552154}
2023-01-07T16:38:09.520+0800	INFO	/home/goproject/src/zhihu/middleware/zap.go:26	/api/v1/post	{"status": 200, "method": "POST", "path": "/api/v1/post", "query": "", "ip": "::1", "user-agent": "PostmanRuntime/7.30.0", "errors": "", "cost": 257683}
2023-01-07T16:38:26.810+0800	INFO	/home/goproject/src/zhihu/middleware/zap.go:26	/api/v1/post	{"status": 200, "method": "POST", "path": "/api/v1/post", "query": "", "ip": "::1", "user-agent": "PostmanRuntime/7.30.0", "errors": "", "cost": 106185}
2023-01-07T16:38:46.819+0800	INFO	/home/goproject/src/zhihu/middleware/zap.go:26	/api/v1/post	{"status": 200, "method": "POST", "path": "/api/v1/post", "query": "", "ip": "::1", "user-agent": "PostmanRuntime/7.30.0", "errors": "", "cost": 160234}
2023-01-07T16:39:10.889+0800	INFO	/home/goproject/src/zhihu/boot/logger.go:34	init logger successfully
2023-01-07T16:39:10.896+0800	INFO	/home/goproject/src/zhihu/boot/database.go:31	connect mysql successfully
2023-01-07T16:39:10.901+0800	INFO	/home/goproject/src/zhihu/boot/database.go:45	connect redis successfully
2023-01-07T16:39:12.868+0800	INFO	/home/goproject/src/zhihu/middleware/zap.go:26	/api/v1/post	{"status": 200, "method": "POST", "path": "/api/v1/post", "query": "", "ip": "::1", "user-agent": "PostmanRuntime/7.30.0", "errors": "", "cost": 28014310}
2023-01-07T16:39:34.458+0800	INFO	/home/goproject/src/zhihu/middleware/zap.go:26	/api/v1/essays	{"status": 200, "method": "GET", "path": "/api/v1/essays", "query": "page=1&size=10", "ip": "::1", "user-agent": "PostmanRuntime/7.30.0", "errors": "", "cost": 3247180}
